make all --print-data-base --no-builtin-variables --no-builtin-rules --question
# GNU Make 4.3
# Built for x86_64-pc-linux-gnu
# Copyright (C) 1988-2020 Free Software Foundation, Inc.
# License GPLv3+: GNU GPL version 3 or later <http://gnu.org/licenses/gpl.html>
# This is free software: you are free to change and redistribute it.
# There is NO WARRANTY, to the extent permitted by law.

# Make data base, printed on Fri Jul  1 09:21:26 2022

# Variables

# environment
GDK_BACKEND = x11
# environment
LC_ALL = C
# environment
GNOME_SHELL_SESSION_MODE = ubuntu
# environment
SSH_AGENT_LAUNCHER = gnome-keyring
# environment
SNAP_INSTANCE_KEY = 
# environment
GJS_DEBUG_OUTPUT = stderr
# environment
VSCODE_IPC_HOOK_EXTHOST = /run/user/1000/vscode-ipc-71fa83d8-909f-4f54-8d64-412f27f01a21.sock
# environment
VSCODE_CWD = /home/dapetoo
# environment
UBUNTU_MENUPROXY = 1
# environment
NVM_DIR = /home/dapetoo/.nvm
# environment
LIBVIRT_DEFAULT_URI = qemu:///system
# default
MAKE_COMMAND := make
# environment
QT_ACCESSIBILITY = 1
# environment
GOPATH = /home/dapetoo/go
# automatic
@D = $(patsubst %/,%,$(dir $@))
# environment
SNAP_INSTANCE_NAME = code
# environment
GDK_PIXBUF_MODULEDIR = /snap/code/99/usr/lib/x86_64-linux-gnu/gdk-pixbuf-2.0/2.10.0/loaders
# environment
VSCODE_HANDLES_UNCAUGHT_ERRORS = true
# default
.VARIABLES := 
# environment
PWD = /home/dapetoo/Learning/udacity/udacity-cloud-devops/project-ml-microservice-kubernetes
# automatic
%D = $(patsubst %/,%,$(dir $%))
# environment
XDG_DATA_DIRS = /usr/share/ubuntu:/home/dapetoo/.local/share/flatpak/exports/share:/var/lib/flatpak/exports/share:/usr/local/share/:/usr/share/:/var/lib/snapd/desktop
# automatic
^D = $(patsubst %/,%,$(dir $^))
# environment
VSCODE_LOG_STACK = false
# automatic
%F = $(notdir $%)
# environment
NVM_INC = /home/dapetoo/.nvm/versions/node/v16.9.1/include/node
# environment
VSCODE_CODE_CACHE_PATH = /home/dapetoo/.config/Code/CachedData/30d9c6cd9483b2cc586687151bcbcd635f373630
# environment
LANG = C
# environment
XAUTHORITY = /run/user/1000/.mutter-Xwaylandauth.R1M4N1
# default
.LOADED := 
# environment
GVM_PATH_BACKUP = /home/dapetoo/.gvm/bin:/home/dapetoo/anaconda3/condabin:/home/dapetoo/.nvm/versions/node/v16.9.1/bin:/home/dapetoo/.local/bin:/home/dapetoo/bin:/opt/bin:/usr/local/bin/:/home/dapetoo/.local/bin:/usr/local/sbin:/usr/local/bin:/usr/sbin:/usr/bin:/sbin:/bin:/usr/games:/usr/local/games:/snap/bin:/snap/bin:/usr/local/go/bin:/bin:/bin:/home/dapetoo/go/bin:/usr/local/go/bin
# default
.INCLUDE_DIRS = /usr/local/include /usr/include /usr/include
# makefile
MAKEFLAGS = pqrR
# makefile
CURDIR := /home/dapetoo/Learning/udacity/udacity-cloud-devops/project-ml-microservice-kubernetes
# environment
VSCODE_PIPE_LOGGING = true
# environment
APPLICATION_INSIGHTS_NO_DIAGNOSTIC_CHANNEL = 1
# environment
LESSOPEN = | /usr/bin/lesspipe %s
# automatic
*D = $(patsubst %/,%,$(dir $*))
# environment
MFLAGS = -pqrR
# environment
SSH_AUTH_SOCK = /run/user/1000/keyring/ssh
# default
.SHELLFLAGS := -c
# environment
NVM_BIN = /home/dapetoo/.nvm/versions/node/v16.9.1/bin
# environment
WAYLAND_DISPLAY = wayland-0
# environment
XDG_CONFIG_DIRS = /etc/xdg/xdg-ubuntu:/etc/xdg
# automatic
+D = $(patsubst %/,%,$(dir $+))
# environment
XDG_SESSION_DESKTOP = ubuntu
# makefile (from 'Makefile', line 1)
MAKEFILE_LIST := Makefile
# environment
CONDA_SHLVL = 0
# environment
SNAP_REEXEC = 
# automatic
@F = $(notdir $@)
# environment
PT8HOME = /opt/pt
# environment
VSCODE_VERBOSE_LOGGING = true
# environment
VSCODE_PID = 209458
# environment
XDG_SESSION_TYPE = wayland
# automatic
?D = $(patsubst %/,%,$(dir $?))
# environment
BAMF_DESKTOP_FILE_HINT = /var/lib/snapd/desktop/applications/code_code.desktop
# environment
CONDA_PYTHON_EXE = /home/dapetoo/anaconda3/bin/python
# environment
SESSION_MANAGER = local/dapetoo-HP-250-G6-Notebook-PC:@/tmp/.ICE-unix/16017,unix/dapetoo-HP-250-G6-Notebook-PC:/tmp/.ICE-unix/16017
# automatic
*F = $(notdir $*)
# environment
QT_QPA_PLATFORMTHEME = gtk3
# environment
CHROME_DESKTOP = code-url-handler.desktop
# environment
DBUS_SESSION_BUS_ADDRESS = unix:path=/run/user/1000/bus
# automatic
<D = $(patsubst %/,%,$(dir $<))
# environment
VSCODE_NLS_CONFIG = {"locale":"en-us","availableLanguages":{},"_languagePackSupport":true}
# default
MAKE_HOST := x86_64-pc-linux-gnu
# environment
GNOME_DESKTOP_SESSION_ID = this-is-deprecated
# makefile
SHELL = /bin/sh
# default
MAKECMDGOALS := all
# environment
XMODIFIERS = @im=ibus
# environment
LD_LIBRARY_PATH = :/opt/PomoDoneApp/usr/lib/x86_64-linux-gnu:/opt/PomoDoneApp/usr/lib/x86_64-linux-gnu
# environment
GJS_DEBUG_TOPICS = JS ERROR;JS LOG
# environment
SHLVL = 0
# environment
MAKELEVEL := 0
# environment
IM_CONFIG_CHECK_ENV = 1
# default
MAKE = $(MAKE_COMMAND)
# environment
SNAP_COOKIE = v4Eb2OBHs7TeXYGxtBK5vMu2D8-QT5pkKfyXRXDp46elVG7ILkWM
# environment
PATH = /home/dapetoo/.local/bin:/home/dapetoo/bin:/opt/bin:/usr/local/bin/:/home/dapetoo/.local/bin:/usr/local/bin/aws_completer/:/home/dapetoo/.gvm/bin:/home/dapetoo/anaconda3/condabin:/home/dapetoo/.nvm/versions/node/v16.9.1/bin:/home/dapetoo/.local/bin:/home/dapetoo/bin:/opt/bin:/usr/local/bin/:/home/dapetoo/.local/bin:/usr/local/sbin:/usr/local/bin:/usr/sbin:/usr/bin:/sbin:/bin:/usr/games:/usr/local/games:/snap/bin:/snap/bin:/usr/local/go/bin:/bin:/bin:/home/dapetoo/go/bin:/usr/local/go/bin:/usr/local/go/bin:/bin:/bin:/home/dapetoo/go/bin
# default
MAKEFILES := 
# automatic
^F = $(notdir $^)
# environment
SNAP_USER_COMMON = /home/dapetoo/snap/code/common
# environment
SNAP = /snap/code/99
# environment
GVM_VERSION = 1.0.22
# environment
INVOCATION_ID = 9f49a7224c9b42adbd18cdab4ed381ad
# environment
SNAP_REVISION = 99
# environment
SNAP_REAL_HOME = /home/dapetoo
# environment
VSCODE_LOG_NATIVE = false
# environment
USERNAME = dapetoo
# environment
GNOME_SETUP_DISPLAY = :1
# environment
LESSCLOSE = /usr/bin/lesspipe %s %s
# automatic
?F = $(notdir $?)
# environment
XDG_CURRENT_DESKTOP = Unity
# environment
LS_COLORS = 
# automatic
+F = $(notdir $+)
# environment
DESKTOP_SESSION = ubuntu
# environment
ORIGINAL_XDG_CURRENT_DESKTOP = ubuntu:GNOME
# 'override' directive
GNUMAKEFLAGS := 
# environment
LOGNAME = dapetoo
# environment
GIO_LAUNCHED_DESKTOP_FILE = /var/lib/snapd/desktop/applications/code_code.desktop
# environment
SNAP_ARCH = amd64
# makefile
.DEFAULT_GOAL := setup
# environment
SYSTEMD_EXEC_PID = 16036
# environment
DISPLAY = :0
# environment
USER = dapetoo
# environment
GTK_MODULES = gail:atk-bridge:appmenu-gtk-module:appmenu-gtk-module:appmenu-gtk-module
# default
MAKE_VERSION := 4.3
# environment
DISABLE_WAYLAND = 1
# environment
SNAP_DATA = /var/snap/code/99
# environment
SNAP_CONTEXT = v4Eb2OBHs7TeXYGxtBK5vMu2D8-QT5pkKfyXRXDp46elVG7ILkWM
# environment
MANAGERPID = 15816
# environment
GIO_LAUNCHED_DESKTOP_FILE_PID = 209309
# environment
QT_STYLE_OVERRIDE = adwaita
# environment
_ = /snap/code/99/usr/share/code/code
# environment
GVM_ROOT = /home/dapetoo/.gvm
# environment
XDG_RUNTIME_DIR = /run/user/1000
# environment
GDK_PIXBUF_MODULE_FILE = /home/dapetoo/snap/code/common/.cache/gdk-pixbuf-loaders.cache
# environment
_CE_M = 
# environment
NVM_CD_FLAGS = 
# environment
JOURNAL_STREAM = 8:61871
# environment
XDG_SESSION_CLASS = user
# environment
VSCODE_AMD_ENTRYPOINT = vs/workbench/api/node/extensionHostProcess
# environment
HOME = /home/dapetoo
# environment
QT_IM_MODULE = ibus
# environment
ELECTRON_RUN_AS_NODE = 1
# environment
VSCODE_IPC_HOOK = /run/user/1000/vscode-43c72c37-1.68.1-main.sock
# environment
SNAP_NAME = code
# environment
GSETTINGS_SCHEMA_DIR = /snap/code/99/usr/share/glib-2.0/schemas
# environment
IM_CONFIG_PHASE = 1
# default
.RECIPEPREFIX := 
# automatic
<F = $(notdir $<)
# environment
SNAP_VERSION = 30d9c6cd
# default
SUFFIXES := 
# environment
VSCODE_CLI = 1
# environment
ELECTRON_NO_ATTACH_CONSOLE = 1
 
# environment
SNAP_COMMON = /var/snap/code/common
# default
.FEATURES := target-specific order-only second-expansion else-if shortest-stem undefine oneshell nocomment grouped-target extra-prereqs archives jobserver output-sync check-symlink load
# environment
SNAP_USER_DATA = /home/dapetoo/snap/code/99
# environment
XDG_MENU_PREFIX = gnome-
# environment
CONDA_EXE = /home/dapetoo/anaconda3/bin/conda
# environment
_CE_CONDA = 
# environment
GDMSESSION = ubuntu
# environment
SNAP_LIBRARY_PATH = /var/lib/snapd/lib/gl:/var/lib/snapd/lib/gl32:/var/lib/snapd/void
# variable set hash-table stats:
# Load=141/1024=14%, Rehash=0, Collisions=4/174=2%

# Pattern-specific Variable Values

# No pattern-specific variable values.

# Directories

# . (device 2053, inode 13645263): 16 files, no impossibilities.

# 16 files, no impossibilities in 1 directories.

# Implicit Rules

# No implicit rules.

# Files

setup:
#  Implicit rule search has not been done.
#  Modification time never checked.
#  File has not been updated.
#  recipe to execute (from 'Makefile', line 9):
	# Create python virtualenv & source it
	# source ~/.devops/bin/activate
	python3 -m venv ~/.devops

lint:
#  Implicit rule search has not been done.
#  Modification time never checked.
#  File has not been updated.
#  recipe to execute (from 'Makefile', line 24):
	# See local hadolint install instructions:   https://github.com/hadolint/hadolint
	# This is linter for Dockerfiles
	hadolint Dockerfile
	# This is a linter for Python source code linter: https://www.pylint.org/
	# This should be run from inside a virtualenv
	pylint --disable=R,C,W1203,W1202 app.py

# Not a target:
Makefile:
#  Implicit rule search has been done.
#  Last modified 2022-06-29 22:29:08.560411303
#  File has been updated.
#  Successfully updated.

# Not a target:
.DEFAULT:
#  Implicit rule search has not been done.
#  Modification time never checked.
#  File has not been updated.

all: install lint test
#  Command line target.
#  Implicit rule search has been done.
#  File does not exist.
#  File has been updated.
#  Needs to be updated (-q is set).
# variable set hash-table stats:
# Load=0/32=0%, Rehash=0, Collisions=0/3=0%

test:
#  Implicit rule search has not been done.
#  Modification time never checked.
#  File has not been updated.
#  recipe to execute (from 'Makefile', line 19):
	# Additional, optional, tests could go here
	#python -m pytest -vv --cov=myrepolib tests/*.py
	#python -m pytest --nbval notebook.ipynb

install:
#  Implicit rule search has not been done.
#  Implicit/static pattern stem: ''
#  File does not exist.
#  File has been updated.
#  Needs to be updated (-q is set).
# automatic
# @ := install
# automatic
# * := 
# automatic
# < := 
# automatic
# + := 
# automatic
# % := 
# automatic
# ^ := 
# automatic
# ? := 
# automatic
# | := 
# variable set hash-table stats:
# Load=8/32=25%, Rehash=0, Collisions=1/11=9%
#  recipe to execute (from 'Makefile', line 14):
	# This should be run from inside a virtualenv
	pip install --upgrade pip &&\
		pip install -r requirements.txt

# Not a target:
.SUFFIXES:
#  Implicit rule search has not been done.
#  Modification time never checked.
#  File has not been updated.

# files hash-table stats:
# Load=8/1024=1%, Rehash=0, Collisions=0/23=0%
# VPATH Search Paths

# No 'vpath' search paths.

# No general ('VPATH' variable) search path.

# strcache buffers: 1 (0) / strings = 25 / storage = 257 B / avg = 10 B
# current buf: size = 8162 B / used = 257 B / count = 25 / avg = 10 B

# strcache performance: lookups = 39 / hit rate = 35%
# hash-table stats:
# Load=25/8192=0%, Rehash=0, Collisions=0/39=0%
# Finished Make data base on Fri Jul  1 09:21:26 2022

 
